<?xml version="1.0" encoding="UTF-8"?>
<testsuite xmlns:xsi="http://www.w3.org/2001/XMLSchema-instance" xsi:noNamespaceSchemaLocation="https://maven.apache.org/surefire/maven-surefire-plugin/xsd/surefire-test-report.xsd" name="Survey5.model.SurveyManagerTest" time="0.505" tests="9" errors="0" skipped="0" failures="0">
  <properties>
[...]
</properties>
  <testcase name="testUpdateSurvey_IfNotExist" classname="Survey5.model.SurveyManagerTest" time="0"/>
  <testcase name="testGetSurveyID_ByName" classname="Survey5.model.SurveyManagerTest" time="0"/>
  <testcase name="testUpdateSurvey" classname="Survey5.model.SurveyManagerTest" time="0"/>
  <testcase name="testGetAllSurveys_IfEmpty" classname="Survey5.model.SurveyManagerTest" time="0"/>
  <testcase name="testGetUserSurveys" classname="Survey5.model.SurveyManagerTest" time="0"/>
  <testcase name="testDeleteSurvey" classname="Survey5.model.SurveyManagerTest" time="0"/>
  <testcase name="testGetAllSurveys" classname="Survey5.model.SurveyManagerTest" time="0"/>
  <testcase name="testSetSurvey" classname="Survey5.model.SurveyManagerTest" time="0"/>
  <testcase name="testGetSurveyByName" classname="Survey5.model.SurveyManagerTest" time="0.001"/>
</testsuite>